c:\users\animefangirl\documents\mathclass\componentframework3.0\componentframework\debug\vc140.pdb
c:\users\animefangirl\documents\mathclass\componentframework3.0\componentframework\debug\vc140.idb
c:\users\animefangirl\documents\mathclass\componentframework3.0\componentframework\debug\body.obj
c:\users\animefangirl\documents\mathclass\componentframework3.0\componentframework\debug\collider.obj
c:\users\animefangirl\documents\mathclass\componentframework3.0\componentframework\debug\debug.obj
c:\users\animefangirl\documents\mathclass\componentframework3.0\componentframework\debug\gamescenemanager.obj
c:\users\animefangirl\documents\mathclass\componentframework3.0\componentframework\debug\matrix2.obj
c:\users\animefangirl\documents\mathclass\componentframework3.0\componentframework\debug\mesh.obj
c:\users\animefangirl\documents\mathclass\componentframework3.0\componentframework\debug\model0.obj
c:\users\animefangirl\documents\mathclass\componentframework3.0\componentframework\debug\main.obj
c:\users\animefangirl\documents\mathclass\componentframework3.0\componentframework\debug\mmath.obj
c:\users\animefangirl\documents\mathclass\componentframework3.0\componentframework\debug\objloader.obj
c:\users\animefangirl\documents\mathclass\componentframework3.0\componentframework\debug\primitive.obj
c:\users\animefangirl\documents\mathclass\componentframework3.0\componentframework\debug\scene.obj
c:\users\animefangirl\documents\mathclass\componentframework3.0\componentframework\debug\scene0.obj
c:\users\animefangirl\documents\mathclass\componentframework3.0\componentframework\debug\shader.obj
c:\users\animefangirl\documents\mathclass\componentframework3.0\componentframework\debug\timer.obj
c:\users\animefangirl\documents\mathclass\componentframework3.0\componentframework\debug\trackball.obj
c:\users\animefangirl\documents\mathclass\componentframework3.0\componentframework\debug\vmath.obj
c:\users\animefangirl\documents\mathclass\componentframework3.0\componentframework\debug\window.obj
c:\users\animefangirl\documents\mathclass\componentframework3.0\debug\componentframework.lib
c:\users\animefangirl\documents\mathclass\componentframework3.0\debug\componentframework.exp
c:\users\animefangirl\documents\mathclass\componentframework3.0\debug\componentframework.ilk
c:\users\animefangirl\documents\mathclass\componentframework3.0\debug\componentframework.exe
c:\users\animefangirl\documents\mathclass\componentframework3.0\debug\componentframework.pdb
c:\users\animefangirl\desktop\toolsgameeditor\componentframework3.0\componentframework\debug\body.obj
c:\users\animefangirl\desktop\toolsgameeditor\componentframework3.0\componentframework\debug\collider.obj
c:\users\animefangirl\desktop\toolsgameeditor\componentframework3.0\componentframework\debug\debug.obj
c:\users\animefangirl\desktop\toolsgameeditor\componentframework3.0\componentframework\debug\gamescenemanager.obj
c:\users\animefangirl\desktop\toolsgameeditor\componentframework3.0\componentframework\debug\main.obj
c:\users\animefangirl\desktop\toolsgameeditor\componentframework3.0\componentframework\debug\matrix2.obj
c:\users\animefangirl\desktop\toolsgameeditor\componentframework3.0\componentframework\debug\mesh.obj
c:\users\animefangirl\desktop\toolsgameeditor\componentframework3.0\componentframework\debug\mmath.obj
c:\users\animefangirl\desktop\toolsgameeditor\componentframework3.0\componentframework\debug\model0.obj
c:\users\animefangirl\desktop\toolsgameeditor\componentframework3.0\componentframework\debug\objloader.obj
c:\users\animefangirl\desktop\toolsgameeditor\componentframework3.0\componentframework\debug\primitive.obj
c:\users\animefangirl\desktop\toolsgameeditor\componentframework3.0\componentframework\debug\scene.obj
c:\users\animefangirl\desktop\toolsgameeditor\componentframework3.0\componentframework\debug\scene0.obj
c:\users\animefangirl\desktop\toolsgameeditor\componentframework3.0\componentframework\debug\shader.obj
c:\users\animefangirl\desktop\toolsgameeditor\componentframework3.0\componentframework\debug\timer.obj
c:\users\animefangirl\desktop\toolsgameeditor\componentframework3.0\componentframework\debug\trackball.obj
c:\users\animefangirl\desktop\toolsgameeditor\componentframework3.0\componentframework\debug\vmath.obj
c:\users\animefangirl\desktop\toolsgameeditor\componentframework3.0\componentframework\debug\window.obj
c:\users\animefangirl\desktop\toolsgameeditor\componentframework3.0\componentframework\debug\vc140.idb
c:\users\animefangirl\desktop\toolsgameeditor\componentframework3.0\componentframework\debug\vc140.pdb
c:\users\animefangirl\desktop\toolsgameeditor\componentframework3.0\debug\componentframework.pdb
c:\users\animefangirl\desktop\toolsgameeditor\componentframework3.0\debug\componentframework.exe
c:\users\animefangirl\desktop\toolsgameeditor\componentframework3.0\debug\componentframework.ilk
c:\users\animefangirl\desktop\toolsgameeditor\componentframework3.0\componentframework\debug\componen.f2dcb53b.tlog\cl.command.1.tlog
c:\users\animefangirl\desktop\toolsgameeditor\componentframework3.0\componentframework\debug\componen.f2dcb53b.tlog\cl.read.1.tlog
c:\users\animefangirl\desktop\toolsgameeditor\componentframework3.0\componentframework\debug\componen.f2dcb53b.tlog\cl.write.1.tlog
c:\users\animefangirl\desktop\toolsgameeditor\componentframework3.0\componentframework\debug\componen.f2dcb53b.tlog\componentframework.write.1u.tlog
c:\users\animefangirl\desktop\toolsgameeditor\componentframework3.0\componentframework\debug\componen.f2dcb53b.tlog\link.command.1.tlog
c:\users\animefangirl\desktop\toolsgameeditor\componentframework3.0\componentframework\debug\componen.f2dcb53b.tlog\link.read.1.tlog
c:\users\animefangirl\desktop\toolsgameeditor\componentframework3.0\componentframework\debug\componen.f2dcb53b.tlog\link.write.1.tlog
